<?xml version="1.0" encoding="UTF-8"?>
<!-- Generated by org.testng.reporters.JUnitReportReporter -->
<testsuite hostname="DESKTOP-A0AU9OO" failures="0" tests="4" name="TestNGKeyWords.EnabledUse" time="0.034" errors="0" timestamp="2023-12-21T15:12:45 IST" skipped="1">
  <testcase classname="TestNGKeyWords.EnabledUse" name="d" time="0.002">
    <system-out>
      <![CDATA[TC d is running]]>
    </system-out>
  </testcase> <!-- d -->
  <testcase classname="TestNGKeyWords.EnabledUse" name="a" time="0.023">
    <system-out>
      <![CDATA[TC a is running]]>
    </system-out>
  </testcase> <!-- a -->
  <testcase classname="TestNGKeyWords.EnabledUse" name="c" time="0.009">
    <system-out>
      <![CDATA[TC c is running]]>
    </system-out>
  </testcase> <!-- c -->
  <testcase classname="TestNGKeyWords.EnabledUse" name="b">
    <skipped/>
  </testcase> <!-- b -->
  <system-out>
    <![CDATA[TC a is running
TC c is running
TC d is running]]>
  </system-out>
</testsuite> <!-- TestNGKeyWords.EnabledUse -->
