<?xml version="1.0" encoding="UTF-8"?>
<!-- Generated by org.testng.reporters.JUnitReportReporter -->
<testsuite hostname="DESKTOP-A0AU9OO" failures="0" tests="2" name="testNGxmlUse.MyClass" time="0.023" errors="0" timestamp="2023-12-22T14:02:42 IST" skipped="0">
  <testcase classname="testNGxmlUse.MyClass" name="TC1" time="0.019">
    <system-out>
      <![CDATA[TC1 is running]]>
    </system-out>
  </testcase> <!-- TC1 -->
  <testcase classname="testNGxmlUse.MyClass" name="TC4" time="0.004">
    <system-out>
      <![CDATA[TC4 is running]]>
    </system-out>
  </testcase> <!-- TC4 -->
  <system-out>
    <![CDATA[TC1 is running
TC4 is running
TC5 is running
TC6 is running
TC8 is running]]>
  </system-out>
</testsuite> <!-- testNGxmlUse.MyClass -->
