<?xml version="1.0" encoding="UTF-8"?>
<!-- Generated by org.testng.reporters.JUnitReportReporter -->
<testsuite hostname="DESKTOP-A0AU9OO" failures="0" tests="3" name="testNGxmlUse.MyClass2" time="0.016" errors="0" timestamp="2023-12-22T14:02:42 IST" skipped="0">
  <testcase classname="testNGxmlUse.MyClass2" name="TC6" time="0.003">
    <system-out>
      <![CDATA[TC6 is running]]>
    </system-out>
  </testcase> <!-- TC6 -->
  <testcase classname="testNGxmlUse.MyClass2" name="TC5" time="0.003">
    <system-out>
      <![CDATA[TC5 is running]]>
    </system-out>
  </testcase> <!-- TC5 -->
  <testcase classname="testNGxmlUse.MyClass2" name="TC8" time="0.010">
    <system-out>
      <![CDATA[TC8 is running]]>
    </system-out>
  </testcase> <!-- TC8 -->
  <system-out>
    <![CDATA[TC1 is running
TC4 is running
TC5 is running
TC6 is running
TC8 is running]]>
  </system-out>
</testsuite> <!-- testNGxmlUse.MyClass2 -->
