<?xml version="1.0" encoding="UTF-8"?>
<!-- Generated by org.testng.reporters.JUnitReportReporter -->
<testsuite hostname="DESKTOP-A0AU9OO" failures="0" tests="7" name="TestNGKeyWords.InvocationCount" time="0.036" errors="0" timestamp="2023-12-20T19:13:00 IST" skipped="0">
  <testcase classname="TestNGKeyWords.InvocationCount" name="b" time="0.002">
    <system-out>
      <![CDATA[TC b is running]]>
    </system-out>
  </testcase> <!-- b -->
  <testcase classname="TestNGKeyWords.InvocationCount" name="b" time="0.004">
    <system-out>
      <![CDATA[TC b is running]]>
    </system-out>
  </testcase> <!-- b -->
  <testcase classname="TestNGKeyWords.InvocationCount" name="a" time="0.011">
    <system-out>
      <![CDATA[TC a is runnning]]>
    </system-out>
  </testcase> <!-- a -->
  <testcase classname="TestNGKeyWords.InvocationCount" name="b" time="0.003">
    <system-out>
      <![CDATA[TC b is running]]>
    </system-out>
  </testcase> <!-- b -->
  <testcase classname="TestNGKeyWords.InvocationCount" name="b" time="0.008">
    <system-out>
      <![CDATA[TC b is running]]>
    </system-out>
  </testcase> <!-- b -->
  <testcase classname="TestNGKeyWords.InvocationCount" name="c" time="0.002">
    <system-out>
      <![CDATA[TC c is runnning]]>
    </system-out>
  </testcase> <!-- c -->
  <testcase classname="TestNGKeyWords.InvocationCount" name="b" time="0.006">
    <system-out>
      <![CDATA[TC b is running]]>
    </system-out>
  </testcase> <!-- b -->
  <system-out>
    <![CDATA[TC a is runnning
TC b is running
TC b is running
TC b is running
TC b is running
TC b is running
TC c is runnning]]>
  </system-out>
</testsuite> <!-- TestNGKeyWords.InvocationCount -->
