<?xml version="1.0" encoding="UTF-8"?>
<!-- Generated by org.testng.reporters.JUnitReportReporter -->
<testsuite hostname="DESKTOP-A0AU9OO" failures="0" tests="4" name="TestNGKeyWords.Priority" time="0.024" errors="0" timestamp="2023-12-20T19:13:54 IST" skipped="0">
  <testcase classname="TestNGKeyWords.Priority" name="d" time="0.018">
    <system-out>
      <![CDATA[TC d is running]]>
    </system-out>
  </testcase> <!-- d -->
  <testcase classname="TestNGKeyWords.Priority" name="b" time="0.002">
    <system-out>
      <![CDATA[TC b is running]]>
    </system-out>
  </testcase> <!-- b -->
  <testcase classname="TestNGKeyWords.Priority" name="a" time="0.002">
    <system-out>
      <![CDATA[TC a is running]]>
    </system-out>
  </testcase> <!-- a -->
  <testcase classname="TestNGKeyWords.Priority" name="c" time="0.002">
    <system-out>
      <![CDATA[Tc c is running]]>
    </system-out>
  </testcase> <!-- c -->
  <system-out>
    <![CDATA[TC d is running
TC b is running
TC a is running
Tc c is running]]>
  </system-out>
</testsuite> <!-- TestNGKeyWords.Priority -->
