<?xml version="1.0" encoding="UTF-8"?>
<!-- Generated by org.testng.reporters.JUnitReportReporter -->
<testsuite hostname="DESKTOP-A0AU9OO" failures="0" tests="2" name="TestNGAnnotations.BeforeClassUse" time="0.041" errors="0" timestamp="2023-12-20T12:11:49 IST" skipped="0">
  <testcase classname="TestNGAnnotations.BeforeClassUse" name="TC1" time="0.031">
    <system-out>
      <![CDATA[TC1 is running]]>
    </system-out>
  </testcase> <!-- TC1 -->
  <testcase classname="TestNGAnnotations.BeforeClassUse" name="TC2" time="0.010">
    <system-out>
      <![CDATA[TC2 is running]]>
    </system-out>
  </testcase> <!-- TC2 -->
  <system-out>
    <![CDATA[open broser-->before class
before method is running
TC1 is running
after method is running
before method is running
TC2 is running
after method is running
 close broser--> after class]]>
  </system-out>
</testsuite> <!-- TestNGAnnotations.BeforeClassUse -->
