<?xml version="1.0" encoding="UTF-8"?>
<!-- Generated by org.testng.reporters.JUnitReportReporter -->
<testsuite hostname="DESKTOP-A0AU9OO" failures="0" tests="1" name="testNGxmlUse.Myclass3" time="0.020" errors="0" timestamp="2023-12-22T14:15:43 IST" skipped="0">
  <testcase classname="testNGxmlUse.Myclass3" name="TC4" time="0.020">
    <system-out>
      <![CDATA[TC4 is running]]>
    </system-out>
  </testcase> <!-- TC4 -->
  <system-out>
    <![CDATA[TC4 is running
TC5 is running
TC6 is running
TC8 is running]]>
  </system-out>
</testsuite> <!-- testNGxmlUse.Myclass3 -->
