<?xml version="1.0" encoding="UTF-8"?>
<!-- Generated by org.testng.reporters.JUnitReportReporter -->
<testsuite hostname="DESKTOP-A0AU9OO" failures="0" tests="1" name="TestNGStudy.testNGstudy1" time="8.356" errors="0" timestamp="2023-12-16T12:55:20 IST" skipped="0">
  <testcase classname="TestNGStudy.testNGstudy1" name="kitelogin" time="8.356"/>
</testsuite> <!-- TestNGStudy.testNGstudy1 -->
