<?xml version="1.0" encoding="UTF-8"?>
<!-- Generated by org.testng.reporters.JUnitReportReporter -->
<testsuite hostname="DESKTOP-A0AU9OO" failures="0" tests="2" name="TestNGAnnotations.BeforeMethodUse" time="0.032" errors="0" timestamp="2023-12-20T11:59:40 IST" skipped="0">
  <testcase classname="TestNGAnnotations.BeforeMethodUse" name="myMethod1" time="0.015">
    <system-out>
      <![CDATA[TC myMethod1 is running]]>
    </system-out>
  </testcase> <!-- myMethod1 -->
  <testcase classname="TestNGAnnotations.BeforeMethodUse" name="myMethod2" time="0.017">
    <system-out>
      <![CDATA[TC myMethod2 is running]]>
    </system-out>
  </testcase> <!-- myMethod2 -->
  <system-out>
    <![CDATA[Login is done
TC myMethod1 is running
Logout is done
Login is done
TC myMethod2 is running
Logout is done]]>
  </system-out>
</testsuite> <!-- TestNGAnnotations.BeforeMethodUse -->
