<?xml version="1.0" encoding="UTF-8"?>
<!-- Generated by org.testng.reporters.JUnitReportReporter -->
<testsuite hostname="DESKTOP-A0AU9OO" failures="0" tests="1" name="TestNGAnnotations.TestClass2" time="0.011" errors="0" timestamp="2023-12-20T12:37:28 IST" skipped="0">
  <testcase classname="TestNGAnnotations.TestClass2" name="TC3" time="0.011">
    <system-out>
      <![CDATA[Running TC3]]>
    </system-out>
  </testcase> <!-- TC3 -->
  <system-out>
    <![CDATA[before test is running
before class is running
beforemethod is done
Running TC3
aftermethod is done
 after class is running
after test is running]]>
  </system-out>
</testsuite> <!-- TestNGAnnotations.TestClass2 -->
