<?xml version="1.0" encoding="UTF-8"?>
<!-- Generated by org.testng.reporters.JUnitReportReporter -->
<testsuite hostname="DESKTOP-A0AU9OO" failures="0" tests="5" name="testNGxmlUse.TestClass3" time="0.032" errors="0" timestamp="2023-12-23T14:36:17 IST" skipped="0">
  <testcase classname="testNGxmlUse.TestClass3" name="TC1" time="0.016">
    <system-out>
      <![CDATA[]]>
    </system-out>
  </testcase> <!-- TC1 -->
  <testcase classname="testNGxmlUse.TestClass3" name="TC3" time="0.003">
    <system-out>
      <![CDATA[TC3 is running]]>
    </system-out>
  </testcase> <!-- TC3 -->
  <testcase classname="testNGxmlUse.TestClass3" name="TC2" time="0.005">
    <system-out>
      <![CDATA[TC2 is running]]>
    </system-out>
  </testcase> <!-- TC2 -->
  <testcase classname="testNGxmlUse.TestClass3" name="TC5" time="0.002">
    <system-out>
      <![CDATA[TC5 IS running]]>
    </system-out>
  </testcase> <!-- TC5 -->
  <testcase classname="testNGxmlUse.TestClass3" name="TC4" time="0.006">
    <system-out>
      <![CDATA[TC4 is running]]>
    </system-out>
  </testcase> <!-- TC4 -->
  <system-out>
    <![CDATA[
TC2 is running
TC3 is running
TC4 is running
TC5 IS running]]>
  </system-out>
</testsuite> <!-- testNGxmlUse.TestClass3 -->
