<?xml version="1.0" encoding="UTF-8"?>
<!-- Generated by org.testng.reporters.JUnitReportReporter -->
<testsuite hostname="DESKTOP-A0AU9OO" failures="0" tests="3" name="testNGxmlUse.myclass4" time="0.010" errors="0" timestamp="2023-12-22T14:15:43 IST" skipped="0">
  <testcase classname="testNGxmlUse.myclass4" name="TC8" time="0.002">
    <system-out>
      <![CDATA[TC8 is running]]>
    </system-out>
  </testcase> <!-- TC8 -->
  <testcase classname="testNGxmlUse.myclass4" name="TC6" time="0.004">
    <system-out>
      <![CDATA[TC6 is running]]>
    </system-out>
  </testcase> <!-- TC6 -->
  <testcase classname="testNGxmlUse.myclass4" name="TC5" time="0.004">
    <system-out>
      <![CDATA[TC5 is running]]>
    </system-out>
  </testcase> <!-- TC5 -->
  <system-out>
    <![CDATA[TC4 is running
TC5 is running
TC6 is running
TC8 is running]]>
  </system-out>
</testsuite> <!-- testNGxmlUse.myclass4 -->
