<?xml version="1.0" encoding="UTF-8"?>
<!-- Generated by org.testng.reporters.JUnitReportReporter -->
<testsuite hostname="DESKTOP-A0AU9OO" failures="0" tests="3" name="TestNGKeyWords.DependsOnMethods" time="0.052" errors="0" timestamp="2023-12-21T15:19:54 IST" skipped="0">
  <testcase classname="TestNGKeyWords.DependsOnMethods" name="couponcode" time="0.033">
    <system-out>
      <![CDATA[50% discount is done]]>
    </system-out>
  </testcase> <!-- couponcode -->
  <testcase classname="TestNGKeyWords.DependsOnMethods" name="payment" time="0.002">
    <system-out>
      <![CDATA[payment done]]>
    </system-out>
  </testcase> <!-- payment -->
  <testcase classname="TestNGKeyWords.DependsOnMethods" name="discount" time="0.017">
    <system-out>
      <![CDATA[discount is used]]>
    </system-out>
  </testcase> <!-- discount -->
  <system-out>
    <![CDATA[50% discount is done
payment done
discount is used]]>
  </system-out>
</testsuite> <!-- TestNGKeyWords.DependsOnMethods -->
