<?xml version="1.0" encoding="UTF-8"?>
<!-- Generated by org.testng.reporters.JUnitReportReporter -->
<testsuite hostname="DESKTOP-A0AU9OO" failures="0" tests="4" name="TestNGKeyWords.MixedKeyWords" time="0.034" errors="0" timestamp="2023-12-21T15:28:30 IST" skipped="0">
  <testcase classname="TestNGKeyWords.MixedKeyWords" name="c" time="0.009">
    <system-out>
      <![CDATA[TC c is running]]>
    </system-out>
  </testcase> <!-- c -->
  <testcase classname="TestNGKeyWords.MixedKeyWords" name="a" time="0.017">
    <system-out>
      <![CDATA[TC a is running]]>
    </system-out>
  </testcase> <!-- a -->
  <testcase classname="TestNGKeyWords.MixedKeyWords" name="d" time="0.006">
    <system-out>
      <![CDATA[TC d is running]]>
    </system-out>
  </testcase> <!-- d -->
  <testcase classname="TestNGKeyWords.MixedKeyWords" name="b" time="0.002">
    <system-out>
      <![CDATA[TC b is running]]>
    </system-out>
  </testcase> <!-- b -->
  <system-out>
    <![CDATA[TC a is running
TC b is running
TC d is running
TC c is running]]>
  </system-out>
</testsuite> <!-- TestNGKeyWords.MixedKeyWords -->
