<?xml version="1.0" encoding="UTF-8"?>
<!-- Generated by org.testng.reporters.JUnitReportReporter -->
<testsuite hostname="DESKTOP-A0AU9OO" failures="0" tests="3" name="TestNGStudy.TestNGClass3" time="34.647" errors="0" timestamp="2023-12-18T12:25:33 IST" skipped="0">
  <testcase classname="TestNGStudy.TestNGClass3" name="FbLaunch" time="10.337">
    <system-out>
      <![CDATA[Fb launching]]>
    </system-out>
  </testcase> <!-- FbLaunch -->
  <testcase classname="TestNGStudy.TestNGClass3" name="instaLaunching" time="13.317">
    <system-out>
      <![CDATA[insta launching]]>
    </system-out>
  </testcase> <!-- instaLaunching -->
  <testcase classname="TestNGStudy.TestNGClass3" name="twitterLaunching" time="10.993">
    <system-out>
      <![CDATA[twitter Launching]]>
    </system-out>
  </testcase> <!-- twitterLaunching -->
  <system-out>
    <![CDATA[Fb launching
insta launching
twitter Launching]]>
  </system-out>
</testsuite> <!-- TestNGStudy.TestNGClass3 -->
