<?xml version="1.0" encoding="UTF-8"?>
<!-- Generated by org.testng.reporters.JUnitReportReporter -->
<testsuite hostname="DESKTOP-A0AU9OO" failures="0" tests="1" name="TestNGAnnotations.TestClass1" time="0.010" errors="0" timestamp="2023-12-20T12:23:34 IST" skipped="0">
  <testcase classname="TestNGAnnotations.TestClass1" name="TC1" time="0.010">
    <system-out>
      <![CDATA[Running TC1]]>
    </system-out>
  </testcase> <!-- TC1 -->
  <system-out>
    <![CDATA[Before Suite is running
open broser-->before class
Login is done
Running TC1
Logout is done
 close broser--> after class
After Suite is running]]>
  </system-out>
</testsuite> <!-- TestNGAnnotations.TestClass1 -->
