<?xml version="1.0" encoding="UTF-8"?>
<!-- Generated by org.testng.reporters.JUnitReportReporter -->
<testsuite hostname="DESKTOP-A0AU9OO" failures="0" tests="1" name="TestNGStudy.TestNGClass2" time="0.030" errors="0" timestamp="2023-12-18T12:10:37 IST" skipped="0">
  <testcase classname="TestNGStudy.TestNGClass2" name="myMethod" time="0.030">
    <system-out>
      <![CDATA[Hii this is Reporter, Without boolean parameter
Hii this is Reporter,with boolean parameter]]>
    </system-out>
  </testcase> <!-- myMethod -->
  <system-out>
    <![CDATA[Hii this is Reporter, Without boolean parameter
Hii this is Reporter,with boolean parameter]]>
  </system-out>
</testsuite> <!-- TestNGStudy.TestNGClass2 -->
